Base path: E:/Programs/UnityH/Editor/Data
Pipe name: \\.\pipe\UnityShaderCompiler-3-7344
Cmd: getPlatforms
Cmd: compileSnippet
  api=0 type=0 insize=4479 outsize=3226 kw=DIRECTIONAL SHADOWS_OFF LIGHTMAP_ON DIRLIGHTMAP_OFF ok=1
Cmd: compileSnippet
  api=0 type=0 insize=4479 outsize=3226 kw=DIRECTIONAL SHADOWS_OFF LIGHTMAP_ON DIRLIGHTMAP_ON ok=1
Cmd: compileSnippet
  api=4 type=0 insize=4479 outsize=2777 kw=DIRECTIONAL SHADOWS_OFF LIGHTMAP_ON DIRLIGHTMAP_ON ok=1
Cmd: compileSnippet
  api=0 type=0 insize=4479 outsize=3750 kw=DIRECTIONAL SHADOWS_SCREEN LIGHTMAP_OFF DIRLIGHTMAP_OFF ok=1
Cmd: compileSnippet
  api=1 type=0 insize=4479 outsize=876 kw=DIRECTIONAL SHADOWS_SCREEN LIGHTMAP_OFF DIRLIGHTMAP_OFF ok=1
Cmd: compileSnippet
  api=0 type=0 insize=4479 outsize=3750 kw=DIRECTIONAL SHADOWS_SCREEN LIGHTMAP_ON DIRLIGHTMAP_OFF ok=1
Cmd: compileSnippet
  api=0 type=0 insize=4479 outsize=3226 kw=DIRECTIONAL SHADOWS_OFF LIGHTMAP_OFF DIRLIGHTMAP_OFF VERTEXLIGHT_ON ok=1
Cmd: compileSnippet
  api=1 type=1 insize=4479 outsize=1435 kw=DIRECTIONAL SHADOWS_OFF LIGHTMAP_OFF DIRLIGHTMAP_OFF ok=1
Cmd: compileSnippet
  api=1 type=1 insize=4479 outsize=1560 kw=DIRECTIONAL SHADOWS_SCREEN LIGHTMAP_OFF DIRLIGHTMAP_OFF ok=1
Cmd: compileSnippet
  api=0 type=1 insize=4479 outsize=6 kw=DIRECTIONAL SHADOWS_SCREEN LIGHTMAP_ON DIRLIGHTMAP_ON ok=1
Cmd: compileSnippet
  api=0 type=0 insize=4154 outsize=2813 kw=DIRECTIONAL SHADOWS_OFF ok=1
Cmd: compileSnippet
  api=1 type=0 insize=4154 outsize=830 kw=POINT_COOKIE SHADOWS_OFF ok=1
Cmd: compileSnippet
  api=1 type=0 insize=4154 outsize=812 kw=DIRECTIONAL_COOKIE SHADOWS_OFF ok=1
Cmd: compileSnippet
  api=4 type=0 insize=4154 outsize=3647 kw=SPOT SHADOWS_DEPTH ok=1
Cmd: compileSnippet
  api=0 type=0 insize=4154 outsize=3303 kw=DIRECTIONAL SHADOWS_SCREEN ok=1
Cmd: compileSnippet
  api=1 type=0 insize=4154 outsize=940 kw=DIRECTIONAL_COOKIE SHADOWS_SCREEN ok=1
Cmd: compileSnippet
  api=4 type=0 insize=4154 outsize=3411 kw=POINT SHADOWS_CUBE ok=1
Cmd: compileSnippet
  api=4 type=0 insize=4154 outsize=3411 kw=POINT_COOKIE SHADOWS_CUBE ok=1
Cmd: compileSnippet
  api=0 type=0 insize=4154 outsize=4137 kw=SPOT SHADOWS_DEPTH SHADOWS_SOFT SHADOWS_NATIVE ok=1
Cmd: compileSnippet
  api=0 type=0 insize=4154 outsize=5079 kw=POINT_COOKIE SHADOWS_CUBE SHADOWS_SOFT ok=1
Cmd: compileSnippet
  api=1 type=1 insize=4154 outsize=1233 kw=DIRECTIONAL SHADOWS_OFF ok=1
Cmd: compileSnippet
  api=0 type=1 insize=4154 outsize=6 kw=POINT_COOKIE SHADOWS_OFF ok=1
Cmd: compileSnippet
  api=0 type=1 insize=4154 outsize=6 kw=DIRECTIONAL_COOKIE SHADOWS_OFF ok=1
Cmd: compileSnippet
  api=1 type=1 insize=4154 outsize=1318 kw=DIRECTIONAL_COOKIE SHADOWS_OFF ok=1
Cmd: compileSnippet
  api=4 type=1 insize=4154 outsize=5337 kw=SPOT SHADOWS_DEPTH ok=1
Cmd: compileSnippet
  api=1 type=1 insize=4154 outsize=1384 kw=DIRECTIONAL_COOKIE SHADOWS_SCREEN ok=1
Cmd: compileSnippet
  api=4 type=1 insize=4154 outsize=5085 kw=POINT SHADOWS_CUBE ok=1
Cmd: compileSnippet
  api=0 type=1 insize=4154 outsize=6 kw=SPOT SHADOWS_DEPTH SHADOWS_SOFT SHADOWS_NATIVE ok=1
Cmd: compileSnippet
  api=1 type=1 insize=4154 outsize=1870 kw=SPOT SHADOWS_DEPTH SHADOWS_SOFT SHADOWS_NATIVE ok=1
Cmd: compileSnippet
  api=0 type=1 insize=4154 outsize=6 kw=POINT_COOKIE SHADOWS_CUBE SHADOWS_SOFT ok=1
Cmd: compileSnippet
  api=4 type=1 insize=4154 outsize=6133 kw=POINT_COOKIE SHADOWS_CUBE SHADOWS_SOFT ok=1
Cmd: compileSnippet
  api=0 type=0 insize=3444 outsize=707 kw=DIRECTIONAL SHADOWS_OFF LIGHTMAP_ON DIRLIGHTMAP_OFF ok=1
Cmd: compileSnippet
  api=0 type=0 insize=3444 outsize=707 kw=DIRECTIONAL SHADOWS_SCREEN LIGHTMAP_OFF DIRLIGHTMAP_OFF ok=1
Cmd: compileSnippet
  api=1 type=0 insize=3444 outsize=396 kw=DIRECTIONAL SHADOWS_SCREEN LIGHTMAP_ON DIRLIGHTMAP_OFF ok=1
Cmd: compileSnippet
  api=4 type=0 insize=3444 outsize=1729 kw=DIRECTIONAL SHADOWS_SCREEN LIGHTMAP_ON DIRLIGHTMAP_ON ok=1
Cmd: compileSnippet
  api=4 type=0 insize=3444 outsize=1729 kw=DIRECTIONAL SHADOWS_OFF LIGHTMAP_OFF DIRLIGHTMAP_OFF VERTEXLIGHT_ON ok=1
Cmd: compileSnippet
  api=1 type=0 insize=3444 outsize=396 kw=DIRECTIONAL SHADOWS_SCREEN LIGHTMAP_OFF DIRLIGHTMAP_OFF VERTEXLIGHT_ON ok=1
Cmd: compileSnippet
  api=0 type=1 insize=3444 outsize=1129 kw=DIRECTIONAL SHADOWS_OFF LIGHTMAP_ON DIRLIGHTMAP_OFF ok=1
Cmd: compileSnippet
  api=4 type=1 insize=3444 outsize=3208 kw=DIRECTIONAL SHADOWS_OFF LIGHTMAP_ON DIRLIGHTMAP_ON ok=1
Cmd: compileSnippet
  api=1 type=1 insize=3444 outsize=852 kw=DIRECTIONAL SHADOWS_SCREEN LIGHTMAP_OFF DIRLIGHTMAP_OFF ok=1
Cmd: compileSnippet
  api=4 type=1 insize=3444 outsize=3208 kw=DIRECTIONAL SHADOWS_SCREEN LIGHTMAP_ON DIRLIGHTMAP_OFF ok=1
Cmd: compileSnippet
  api=0 type=0 insize=3481 outsize=707 kw=DIRECTIONAL ok=1
Cmd: compileSnippet
  api=0 type=0 insize=3481 outsize=791 kw=POINT_COOKIE ok=1
Cmd: compileSnippet
  api=4 type=0 insize=3481 outsize=2184 kw=DIRECTIONAL_COOKIE ok=1
Cmd: compileSnippet
  api=1 type=1 insize=3481 outsize=836 kw=DIRECTIONAL ok=1
Cmd: compileSnippet
  api=0 type=1 insize=3481 outsize=1244 kw=POINT_COOKIE ok=1
Cmd: compileSnippet
  api=0 type=1 insize=3481 outsize=1138 kw=DIRECTIONAL_COOKIE ok=1
Cmd: compileSnippet
  api=0 type=0 insize=4461 outsize=3232 kw=DIRECTIONAL SHADOWS_OFF LIGHTMAP_OFF DIRLIGHTMAP_OFF ok=1
Cmd: compileSnippet
  api=1 type=0 insize=4461 outsize=748 kw=DIRECTIONAL SHADOWS_OFF LIGHTMAP_ON DIRLIGHTMAP_ON ok=1
Cmd: compileSnippet
  api=0 type=0 insize=4461 outsize=3756 kw=DIRECTIONAL SHADOWS_SCREEN LIGHTMAP_ON DIRLIGHTMAP_OFF ok=1
Cmd: compileSnippet
  api=0 type=0 insize=4461 outsize=3232 kw=DIRECTIONAL SHADOWS_OFF LIGHTMAP_OFF DIRLIGHTMAP_OFF VERTEXLIGHT_ON ok=1
Cmd: compileSnippet
  api=0 type=1 insize=4461 outsize=6 kw=DIRECTIONAL SHADOWS_OFF LIGHTMAP_ON DIRLIGHTMAP_OFF ok=1
Cmd: compileSnippet
  api=0 type=1 insize=4461 outsize=6 kw=DIRECTIONAL SHADOWS_OFF LIGHTMAP_ON DIRLIGHTMAP_ON ok=1
Cmd: compileSnippet
  api=1 type=1 insize=4461 outsize=1483 kw=DIRECTIONAL SHADOWS_OFF LIGHTMAP_ON DIRLIGHTMAP_ON ok=1
Cmd: compileSnippet
  api=0 type=1 insize=4461 outsize=6 kw=DIRECTIONAL SHADOWS_SCREEN LIGHTMAP_ON DIRLIGHTMAP_OFF ok=1
Cmd: compileSnippet
  api=1 type=1 insize=4461 outsize=1617 kw=DIRECTIONAL SHADOWS_SCREEN LIGHTMAP_ON DIRLIGHTMAP_OFF ok=1
Cmd: compileSnippet
  api=0 type=0 insize=4335 outsize=3158 kw=DIRECTIONAL SHADOWS_OFF ok=1
Cmd: compileSnippet
  api=1 type=0 insize=4335 outsize=848 kw=SPOT SHADOWS_OFF ok=1
Cmd: compileSnippet
  api=0 type=0 insize=4335 outsize=3424 kw=DIRECTIONAL_COOKIE SHADOWS_OFF ok=1
Cmd: compileSnippet
  api=0 type=0 insize=4335 outsize=3953 kw=SPOT SHADOWS_DEPTH SHADOWS_NATIVE ok=1
Cmd: compileSnippet
  api=1 type=0 insize=4335 outsize=876 kw=DIRECTIONAL SHADOWS_SCREEN ok=1
Cmd: compileSnippet
  api=4 type=0 insize=4335 outsize=3622 kw=DIRECTIONAL_COOKIE SHADOWS_SCREEN ok=1
Cmd: compileSnippet
  api=1 type=0 insize=4335 outsize=868 kw=POINT SHADOWS_CUBE ok=1
Cmd: compileSnippet
  api=4 type=0 insize=4335 outsize=3411 kw=POINT_COOKIE SHADOWS_CUBE ok=1
Cmd: compileSnippet
  api=0 type=0 insize=4335 outsize=4487 kw=SPOT SHADOWS_DEPTH SHADOWS_SOFT SHADOWS_NATIVE ok=1
Cmd: compileSnippet
  api=1 type=0 insize=4335 outsize=868 kw=POINT SHADOWS_CUBE SHADOWS_SOFT ok=1
Cmd: compileSnippet
  api=4 type=0 insize=4335 outsize=3411 kw=POINT_COOKIE SHADOWS_CUBE SHADOWS_SOFT ok=1
Cmd: compileSnippet
  api=0 type=1 insize=4335 outsize=6 kw=DIRECTIONAL SHADOWS_OFF ok=1
Cmd: compileSnippet
  api=1 type=1 insize=4335 outsize=1689 kw=SPOT SHADOWS_OFF ok=1
Cmd: compileSnippet
  api=1 type=1 insize=4335 outsize=1529 kw=DIRECTIONAL_COOKIE SHADOWS_OFF ok=1
Cmd: compileSnippet
  api=4 type=1 insize=4335 outsize=6052 kw=SPOT SHADOWS_DEPTH ok=1
Cmd: compileSnippet
  api=0 type=1 insize=4335 outsize=6 kw=DIRECTIONAL_COOKIE SHADOWS_SCREEN ok=1
Cmd: compileSnippet
  api=1 type=1 insize=4335 outsize=1597 kw=DIRECTIONAL_COOKIE SHADOWS_SCREEN ok=1
Cmd: compileSnippet
  api=0 type=1 insize=4335 outsize=6 kw=POINT SHADOWS_CUBE ok=1
Cmd: compileSnippet
  api=0 type=1 insize=4335 outsize=6 kw=POINT_COOKIE SHADOWS_CUBE ok=1
Cmd: compileSnippet
  api=1 type=1 insize=4335 outsize=1878 kw=POINT_COOKIE SHADOWS_CUBE ok=1
Cmd: compileSnippet
  api=4 type=1 insize=4335 outsize=6758 kw=SPOT SHADOWS_DEPTH SHADOWS_SOFT ok=1
Cmd: compileSnippet
  api=0 type=1 insize=4335 outsize=6 kw=POINT_COOKIE SHADOWS_CUBE SHADOWS_SOFT ok=1
Cmd: compileSnippet
  api=4 type=1 insize=4335 outsize=6880 kw=POINT_COOKIE SHADOWS_CUBE SHADOWS_SOFT ok=1
Cmd: compileSnippet
  api=0 type=0 insize=8343 outsize=1178 kw=DIRECTIONAL SHADOWS_OFF LIGHTMAP_ON DIRLIGHTMAP_OFF ok=1
Cmd: compileSnippet
  api=4 type=0 insize=8343 outsize=3045 kw=DIRECTIONAL SHADOWS_OFF LIGHTMAP_ON DIRLIGHTMAP_ON ok=1
Cmd: compileSnippet
  api=1 type=0 insize=8343 outsize=876 kw=DIRECTIONAL SHADOWS_SCREEN LIGHTMAP_OFF DIRLIGHTMAP_OFF ok=1
Cmd: compileSnippet
  api=0 type=0 insize=8343 outsize=1285 kw=DIRECTIONAL SHADOWS_SCREEN LIGHTMAP_ON DIRLIGHTMAP_ON ok=1
Cmd: compileSnippet
  api=1 type=0 insize=8343 outsize=748 kw=DIRECTIONAL SHADOWS_OFF LIGHTMAP_OFF DIRLIGHTMAP_OFF VERTEXLIGHT_ON ok=1
Cmd: compileSnippet
  api=1 type=0 insize=8343 outsize=876 kw=DIRECTIONAL SHADOWS_SCREEN LIGHTMAP_OFF DIRLIGHTMAP_OFF VERTEXLIGHT_ON ok=1
Cmd: compileSnippet
  api=0 type=1 insize=8343 outsize=2852 kw=DIRECTIONAL SHADOWS_OFF LIGHTMAP_ON DIRLIGHTMAP_OFF ok=1
Cmd: compileSnippet
  api=0 type=1 insize=8343 outsize=3372 kw=DIRECTIONAL SHADOWS_OFF LIGHTMAP_ON DIRLIGHTMAP_ON ok=1
Cmd: compileSnippet
  api=1 type=1 insize=8343 outsize=2870 kw=DIRECTIONAL SHADOWS_SCREEN LIGHTMAP_OFF DIRLIGHTMAP_OFF ok=1
Cmd: compileSnippet
  api=4 type=1 insize=8343 outsize=8327 kw=DIRECTIONAL SHADOWS_SCREEN LIGHTMAP_ON DIRLIGHTMAP_OFF ok=1
Cmd: compileSnippet
  api=0 type=0 insize=6169 outsize=1112 kw=DIRECTIONAL SHADOWS_OFF ok=1
Cmd: compileSnippet
  api=1 type=0 insize=6169 outsize=848 kw=SPOT SHADOWS_OFF ok=1
Cmd: compileSnippet
  api=0 type=0 insize=6169 outsize=1150 kw=DIRECTIONAL_COOKIE SHADOWS_OFF ok=1
Cmd: compileSnippet
  api=0 type=0 insize=6169 outsize=1374 kw=SPOT SHADOWS_DEPTH SHADOWS_NATIVE ok=1
Cmd: compileSnippet
  api=0 type=0 insize=6169 outsize=1219 kw=DIRECTIONAL SHADOWS_SCREEN ok=1
Cmd: compileSnippet
  api=4 type=0 insize=6169 outsize=3671 kw=DIRECTIONAL_COOKIE SHADOWS_SCREEN ok=1
Cmd: compileSnippet
  api=1 type=0 insize=6169 outsize=868 kw=POINT SHADOWS_CUBE ok=1
Cmd: compileSnippet
  api=0 type=0 insize=6169 outsize=1374 kw=SPOT SHADOWS_DEPTH SHADOWS_SOFT ok=1
Cmd: compileSnippet
  api=1 type=0 insize=6169 outsize=938 kw=SPOT SHADOWS_DEPTH SHADOWS_SOFT SHADOWS_NATIVE ok=1
Cmd: compileSnippet
  api=4 type=0 insize=6169 outsize=3460 kw=POINT SHADOWS_CUBE SHADOWS_SOFT ok=1
Cmd: compileSnippet
  api=1 type=1 insize=6169 outsize=2678 kw=POINT SHADOWS_OFF ok=1
Cmd: compileSnippet
  api=0 type=1 insize=6169 outsize=3163 kw=SPOT SHADOWS_OFF ok=1
Cmd: compileSnippet
  api=1 type=1 insize=6169 outsize=2670 kw=DIRECTIONAL_COOKIE SHADOWS_OFF ok=1
Cmd: compileSnippet
  api=0 type=1 insize=6169 outsize=3364 kw=SPOT SHADOWS_DEPTH ok=1
Cmd: compileSnippet
  api=4 type=1 insize=6169 outsize=9058 kw=SPOT SHADOWS_DEPTH ok=1
Cmd: compileSnippet
  api=1 type=1 insize=6169 outsize=2732 kw=DIRECTIONAL_COOKIE SHADOWS_SCREEN ok=1
Cmd: compileSnippet
  api=1 type=1 insize=6169 outsize=2957 kw=POINT SHADOWS_CUBE ok=1
Cmd: compileSnippet
  api=0 type=1 insize=6169 outsize=3373 kw=POINT_COOKIE SHADOWS_CUBE ok=1
Cmd: compileSnippet
  api=0 type=1 insize=6169 outsize=3696 kw=SPOT SHADOWS_DEPTH SHADOWS_SOFT ok=1
Cmd: compileSnippet
  api=4 type=1 insize=6169 outsize=9765 kw=SPOT SHADOWS_DEPTH SHADOWS_SOFT ok=1
Cmd: compileSnippet
  api=4 type=1 insize=6169 outsize=9700 kw=POINT SHADOWS_CUBE SHADOWS_SOFT ok=1
Cmd: compileSnippet
  api=0 type=0 insize=10316 outsize=671 kw=DIRECTIONAL SHADOWS_OFF LUX_LIGHTING_CT ok=1
Cmd: compileSnippet
  api=4 type=0 insize=10316 outsize=1940 kw=DIRECTIONAL SHADOWS_OFF LUX_LIGHTING_CT ok=1
Cmd: compileSnippet
  api=0 type=0 insize=10316 outsize=671 kw=POINT_COOKIE SHADOWS_OFF LUX_LIGHTING_CT ok=1
Cmd: compileSnippet
  api=1 type=0 insize=10316 outsize=437 kw=DIRECTIONAL_COOKIE SHADOWS_OFF LUX_LIGHTING_CT ok=1
Cmd: compileSnippet
  api=4 type=0 insize=10316 outsize=1940 kw=SPOT SHADOWS_DEPTH LUX_LIGHTING_CT ok=1
Cmd: compileSnippet
  api=4 type=0 insize=10316 outsize=1940 kw=SPOT SHADOWS_DEPTH SHADOWS_NATIVE LUX_LIGHTING_CT ok=1
Cmd: compileSnippet
  api=4 type=0 insize=10316 outsize=1940 kw=DIRECTIONAL SHADOWS_SCREEN LUX_LIGHTING_CT ok=1
Cmd: compileSnippet
  api=4 type=0 insize=10316 outsize=1940 kw=DIRECTIONAL_COOKIE SHADOWS_SCREEN LUX_LIGHTING_CT ok=1
Cmd: compileSnippet
  api=4 type=0 insize=10316 outsize=1940 kw=POINT SHADOWS_CUBE LUX_LIGHTING_CT ok=1
Cmd: compileSnippet
  api=4 type=0 insize=10316 outsize=1940 kw=POINT_COOKIE SHADOWS_CUBE LUX_LIGHTING_CT ok=1
Cmd: compileSnippet
  api=0 type=0 insize=10316 outsize=671 kw=SPOT SHADOWS_DEPTH SHADOWS_SOFT SHADOWS_NATIVE LUX_LIGHTING_CT ok=1
Cmd: compileSnippet
  api=1 type=0 insize=10316 outsize=437 kw=POINT SHADOWS_CUBE SHADOWS_SOFT LUX_LIGHTING_CT ok=1
Cmd: compileSnippet
  api=4 type=0 insize=10316 outsize=1940 kw=POINT_COOKIE SHADOWS_CUBE SHADOWS_SOFT LUX_LIGHTING_CT ok=1
Cmd: compileSnippet
  api=1 type=0 insize=10316 outsize=437 kw=POINT SHADOWS_OFF LUX_LIGHTING_BP ok=1
Cmd: compileSnippet
  api=4 type=0 insize=10316 outsize=1940 kw=DIRECTIONAL SHADOWS_OFF LUX_LIGHTING_BP ok=1
Cmd: compileSnippet
  api=1 type=0 insize=10316 outsize=437 kw=SPOT SHADOWS_OFF LUX_LIGHTING_BP ok=1
Cmd: compileSnippet
  api=0 type=0 insize=10316 outsize=671 kw=DIRECTIONAL_COOKIE SHADOWS_OFF LUX_LIGHTING_BP ok=1
Cmd: compileSnippet
  api=4 type=0 insize=10316 outsize=1940 kw=SPOT SHADOWS_DEPTH LUX_LIGHTING_BP ok=1
Cmd: compileSnippet
  api=4 type=0 insize=10316 outsize=1940 kw=SPOT SHADOWS_DEPTH SHADOWS_NATIVE LUX_LIGHTING_BP ok=1
Cmd: compileSnippet
  api=0 type=0 insize=10316 outsize=671 kw=DIRECTIONAL_COOKIE SHADOWS_SCREEN LUX_LIGHTING_BP ok=1
Cmd: compileSnippet
  api=1 type=0 insize=10316 outsize=437 kw=POINT SHADOWS_CUBE LUX_LIGHTING_BP ok=1
Cmd: compileSnippet
  api=1 type=0 insize=10316 outsize=437 kw=POINT_COOKIE SHADOWS_CUBE LUX_LIGHTING_BP ok=1
Cmd: compileSnippet
  api=4 type=0 insize=10316 outsize=1940 kw=SPOT SHADOWS_DEPTH SHADOWS_SOFT LUX_LIGHTING_BP ok=1
Cmd: compileSnippet
  api=0 type=0 insize=10316 outsize=671 kw=POINT SHADOWS_CUBE SHADOWS_SOFT LUX_LIGHTING_BP ok=1
Cmd: compileSnippet
  api=1 type=0 insize=10316 outsize=437 kw=POINT_COOKIE SHADOWS_CUBE SHADOWS_SOFT LUX_LIGHTING_BP ok=1
Cmd: compileSnippet
  api=1 type=1 insize=10316 outsize=1554 kw=DIRECTIONAL SHADOWS_OFF LUX_LIGHTING_CT ok=1
Cmd: compileSnippet
  api=4 type=1 insize=10316 outsize=5995 kw=SPOT SHADOWS_OFF LUX_LIGHTING_CT ok=1
Cmd: compileSnippet
  api=0 type=1 insize=10316 outsize=1993 kw=DIRECTIONAL_COOKIE SHADOWS_OFF LUX_LIGHTING_CT ok=1
Cmd: compileSnippet
  api=0 type=1 insize=10316 outsize=2583 kw=SPOT SHADOWS_DEPTH LUX_LIGHTING_CT ok=1
Cmd: compileSnippet
  api=1 type=1 insize=10316 outsize=2288 kw=SPOT SHADOWS_DEPTH SHADOWS_NATIVE LUX_LIGHTING_CT ok=1
Cmd: compileSnippet
  api=1 type=1 insize=10316 outsize=1655 kw=DIRECTIONAL SHADOWS_SCREEN LUX_LIGHTING_CT ok=1
Cmd: compileSnippet
  api=1 type=1 insize=10316 outsize=1903 kw=DIRECTIONAL_COOKIE SHADOWS_SCREEN LUX_LIGHTING_CT ok=1
Cmd: compileSnippet
  api=1 type=1 insize=10316 outsize=1994 kw=POINT SHADOWS_CUBE LUX_LIGHTING_CT ok=1
Cmd: compileSnippet
  api=1 type=1 insize=10316 outsize=2203 kw=POINT_COOKIE SHADOWS_CUBE LUX_LIGHTING_CT ok=1
Cmd: compileSnippet
  api=1 type=1 insize=10316 outsize=2495 kw=SPOT SHADOWS_DEPTH SHADOWS_SOFT LUX_LIGHTING_CT ok=1
Cmd: compileSnippet
  api=1 type=1 insize=10316 outsize=2540 kw=SPOT SHADOWS_DEPTH SHADOWS_SOFT SHADOWS_NATIVE LUX_LIGHTING_CT ok=1
Cmd: compileSnippet
  api=1 type=1 insize=10316 outsize=2273 kw=POINT SHADOWS_CUBE SHADOWS_SOFT LUX_LIGHTING_CT ok=1
Cmd: compileSnippet
  api=1 type=1 insize=10316 outsize=2459 kw=POINT_COOKIE SHADOWS_CUBE SHADOWS_SOFT LUX_LIGHTING_CT ok=1
Cmd: compileSnippet
  api=0 type=1 insize=10316 outsize=1898 kw=POINT SHADOWS_OFF LUX_LIGHTING_BP ok=1
Cmd: compileSnippet
  api=4 type=1 insize=10316 outsize=5020 kw=POINT SHADOWS_OFF LUX_LIGHTING_BP ok=1
Cmd: compileSnippet
  api=1 type=1 insize=10316 outsize=1899 kw=POINT_COOKIE SHADOWS_OFF LUX_LIGHTING_BP ok=1
Cmd: compileSnippet
  api=1 type=1 insize=10316 outsize=1762 kw=DIRECTIONAL_COOKIE SHADOWS_OFF LUX_LIGHTING_BP ok=1
Cmd: compileSnippet
  api=1 type=1 insize=10316 outsize=2272 kw=SPOT SHADOWS_DEPTH LUX_LIGHTING_BP ok=1
Cmd: compileSnippet
  api=1 type=1 insize=10316 outsize=2220 kw=SPOT SHADOWS_DEPTH SHADOWS_NATIVE LUX_LIGHTING_BP ok=1
Cmd: compileSnippet
  api=1 type=1 insize=10316 outsize=1649 kw=DIRECTIONAL SHADOWS_SCREEN LUX_LIGHTING_BP ok=1
Cmd: compileSnippet
  api=0 type=1 insize=10316 outsize=2074 kw=DIRECTIONAL_COOKIE SHADOWS_SCREEN LUX_LIGHTING_BP ok=1
Cmd: compileSnippet
  api=0 type=1 insize=10316 outsize=2159 kw=POINT SHADOWS_CUBE LUX_LIGHTING_BP ok=1
Cmd: compileSnippet
  api=4 type=1 insize=10316 outsize=5621 kw=POINT SHADOWS_CUBE LUX_LIGHTING_BP ok=1
Cmd: compileSnippet
  api=4 type=1 insize=10316 outsize=7181 kw=SPOT SHADOWS_DEPTH SHADOWS_SOFT LUX_LIGHTING_BP ok=1
Cmd: compileSnippet
  api=4 type=1 insize=10316 outsize=6937 kw=POINT_COOKIE SHADOWS_CUBE SHADOWS_SOFT LUX_LIGHTING_BP ok=1
Cmd: compileSnippet
  api=0 type=0 insize=10310 outsize=671 kw=DIRECTIONAL SHADOWS_OFF LUX_LIGHTING_CT ok=1
Cmd: compileSnippet
  api=0 type=0 insize=10310 outsize=671 kw=SPOT SHADOWS_OFF LUX_LIGHTING_CT ok=1
Cmd: compileSnippet
  api=4 type=0 insize=10310 outsize=1940 kw=POINT_COOKIE SHADOWS_OFF LUX_LIGHTING_CT ok=1
Cmd: compileSnippet
  api=0 type=0 insize=10310 outsize=671 kw=SPOT SHADOWS_DEPTH LUX_LIGHTING_CT ok=1
Cmd: compileSnippet
  api=1 type=0 insize=10310 outsize=437 kw=SPOT SHADOWS_DEPTH SHADOWS_NATIVE LUX_LIGHTING_CT ok=1
Cmd: compileSnippet
  api=4 type=0 insize=10310 outsize=1940 kw=DIRECTIONAL SHADOWS_SCREEN LUX_LIGHTING_CT ok=1
Cmd: compileSnippet
  api=4 type=0 insize=10310 outsize=1940 kw=DIRECTIONAL_COOKIE SHADOWS_SCREEN LUX_LIGHTING_CT ok=1
Cmd: compileSnippet
  api=0 type=0 insize=10310 outsize=671 kw=POINT_COOKIE SHADOWS_CUBE LUX_LIGHTING_CT ok=1
Cmd: compileSnippet
  api=0 type=0 insize=10310 outsize=671 kw=SPOT SHADOWS_DEPTH SHADOWS_SOFT LUX_LIGHTING_CT ok=1
Cmd: compileSnippet
  api=1 type=0 insize=10310 outsize=437 kw=SPOT SHADOWS_DEPTH SHADOWS_SOFT SHADOWS_NATIVE LUX_LIGHTING_CT ok=1
Cmd: compileSnippet
  api=0 type=0 insize=10310 outsize=671 kw=POINT_COOKIE SHADOWS_CUBE SHADOWS_SOFT LUX_LIGHTING_CT ok=1
Cmd: compileSnippet
  api=1 type=0 insize=10310 outsize=437 kw=POINT SHADOWS_OFF LUX_LIGHTING_BP ok=1
Cmd: compileSnippet
  api=1 type=0 insize=10310 outsize=437 kw=DIRECTIONAL SHADOWS_OFF LUX_LIGHTING_BP ok=1
Cmd: compileSnippet
  api=0 type=0 insize=10310 outsize=671 kw=POINT_COOKIE SHADOWS_OFF LUX_LIGHTING_BP ok=1
Cmd: compileSnippet
  api=1 type=0 insize=10310 outsize=437 kw=DIRECTIONAL_COOKIE SHADOWS_OFF LUX_LIGHTING_BP ok=1
Cmd: compileSnippet
  api=0 type=0 insize=10310 outsize=671 kw=SPOT SHADOWS_DEPTH SHADOWS_NATIVE LUX_LIGHTING_BP ok=1
Cmd: compileSnippet
  api=1 type=0 insize=10310 outsize=437 kw=DIRECTIONAL SHADOWS_SCREEN LUX_LIGHTING_BP ok=1
Cmd: compileSnippet
  api=4 type=0 insize=10310 outsize=1940 kw=DIRECTIONAL_COOKIE SHADOWS_SCREEN LUX_LIGHTING_BP ok=1
Cmd: compileSnippet
  api=1 type=0 insize=10310 outsize=437 kw=POINT SHADOWS_CUBE LUX_LIGHTING_BP ok=1
Cmd: compileSnippet
  api=0 type=0 insize=10310 outsize=671 kw=SPOT SHADOWS_DEPTH SHADOWS_SOFT LUX_LIGHTING_BP ok=1
Cmd: compileSnippet
  api=4 type=0 insize=10310 outsize=1940 kw=SPOT SHADOWS_DEPTH SHADOWS_SOFT SHADOWS_NATIVE LUX_LIGHTING_BP ok=1
Cmd: compileSnippet
  api=4 type=0 insize=10310 outsize=1940 kw=POINT SHADOWS_CUBE SHADOWS_SOFT LUX_LIGHTING_BP ok=1
Cmd: compileSnippet
  api=0 type=1 insize=10310 outsize=1869 kw=POINT SHADOWS_OFF LUX_LIGHTING_CT ok=1
Cmd: compileSnippet
  api=4 type=1 insize=10310 outsize=5946 kw=SPOT SHADOWS_OFF LUX_LIGHTING_CT ok=1
Cmd: compileSnippet
  api=4 type=1 insize=10310 outsize=5272 kw=DIRECTIONAL_COOKIE SHADOWS_OFF LUX_LIGHTING_CT ok=1
Cmd: compileSnippet
  api=0 type=1 insize=10310 outsize=2457 kw=SPOT SHADOWS_DEPTH SHADOWS_NATIVE LUX_LIGHTING_CT ok=1
Cmd: compileSnippet
  api=1 type=1 insize=10310 outsize=1576 kw=DIRECTIONAL SHADOWS_SCREEN LUX_LIGHTING_CT ok=1
Cmd: compileSnippet
  api=0 type=1 insize=10310 outsize=2016 kw=DIRECTIONAL_COOKIE SHADOWS_SCREEN LUX_LIGHTING_CT ok=1
Cmd: compileSnippet
  api=0 type=1 insize=10310 outsize=2130 kw=POINT SHADOWS_CUBE LUX_LIGHTING_CT ok=1
Cmd: compileSnippet
  api=0 type=1 insize=10310 outsize=2354 kw=POINT_COOKIE SHADOWS_CUBE LUX_LIGHTING_CT ok=1
Cmd: compileSnippet
  api=0 type=1 insize=10310 outsize=2712 kw=SPOT SHADOWS_DEPTH SHADOWS_SOFT LUX_LIGHTING_CT ok=1
Cmd: compileSnippet
  api=1 type=1 insize=10310 outsize=2461 kw=SPOT SHADOWS_DEPTH SHADOWS_SOFT SHADOWS_NATIVE LUX_LIGHTING_CT ok=1
Cmd: compileSnippet
  api=1 type=1 insize=10310 outsize=2194 kw=POINT SHADOWS_CUBE SHADOWS_SOFT LUX_LIGHTING_CT ok=1
Cmd: compileSnippet
  api=1 type=1 insize=10310 outsize=2380 kw=POINT_COOKIE SHADOWS_CUBE SHADOWS_SOFT LUX_LIGHTING_CT ok=1
Cmd: compileSnippet
  api=1 type=1 insize=10310 outsize=1647 kw=POINT SHADOWS_OFF LUX_LIGHTING_BP ok=1
Cmd: compileSnippet
  api=0 type=1 insize=10310 outsize=1598 kw=DIRECTIONAL SHADOWS_OFF LUX_LIGHTING_BP ok=1
Cmd: compileSnippet
  api=0 type=1 insize=10310 outsize=2087 kw=SPOT SHADOWS_OFF LUX_LIGHTING_BP ok=1
Cmd: compileSnippet
  api=0 type=1 insize=10310 outsize=2025 kw=POINT_COOKIE SHADOWS_OFF LUX_LIGHTING_BP ok=1
Cmd: compileSnippet
  api=0 type=1 insize=10310 outsize=1848 kw=DIRECTIONAL_COOKIE SHADOWS_OFF LUX_LIGHTING_BP ok=1
Cmd: compileSnippet
  api=1 type=1 insize=10310 outsize=2193 kw=SPOT SHADOWS_DEPTH LUX_LIGHTING_BP ok=1
Cmd: compileSnippet
  api=1 type=1 insize=10310 outsize=2141 kw=SPOT SHADOWS_DEPTH SHADOWS_NATIVE LUX_LIGHTING_BP ok=1
Cmd: compileSnippet
  api=0 type=1 insize=10310 outsize=1740 kw=DIRECTIONAL SHADOWS_SCREEN LUX_LIGHTING_BP ok=1
Cmd: compileSnippet
  api=0 type=1 insize=10310 outsize=1976 kw=DIRECTIONAL_COOKIE SHADOWS_SCREEN LUX_LIGHTING_BP ok=1
Cmd: compileSnippet
  api=0 type=1 insize=10310 outsize=2061 kw=POINT SHADOWS_CUBE LUX_LIGHTING_BP ok=1
Cmd: compileSnippet
  api=0 type=1 insize=10310 outsize=2283 kw=POINT_COOKIE SHADOWS_CUBE LUX_LIGHTING_BP ok=1
Cmd: compileSnippet
  api=1 type=1 insize=10310 outsize=2416 kw=SPOT SHADOWS_DEPTH SHADOWS_SOFT LUX_LIGHTING_BP ok=1
Cmd: compileSnippet
  api=1 type=1 insize=10310 outsize=2425 kw=SPOT SHADOWS_DEPTH SHADOWS_SOFT SHADOWS_NATIVE LUX_LIGHTING_BP ok=1
Cmd: compileSnippet
  api=0 type=1 insize=10310 outsize=2388 kw=POINT SHADOWS_CUBE SHADOWS_SOFT LUX_LIGHTING_BP ok=1
Cmd: compileSnippet
  api=0 type=1 insize=10310 outsize=2662 kw=POINT_COOKIE SHADOWS_CUBE SHADOWS_SOFT LUX_LIGHTING_BP ok=1
Cmd: compileSnippet
  api=4 type=1 insize=10310 outsize=6888 kw=POINT_COOKIE SHADOWS_CUBE SHADOWS_SOFT LUX_LIGHTING_BP ok=1
Cmd: compileSnippet
  api=1 type=0 insize=10315 outsize=437 kw=POINT SHADOWS_OFF LUX_LIGHTING_BP ok=1
Cmd: compileSnippet
  api=0 type=0 insize=10315 outsize=671 kw=SPOT SHADOWS_OFF LUX_LIGHTING_BP ok=1
Cmd: compileSnippet
  api=1 type=0 insize=10315 outsize=437 kw=POINT_COOKIE SHADOWS_OFF LUX_LIGHTING_BP ok=1
Cmd: compileSnippet
  api=4 type=0 insize=10315 outsize=1940 kw=DIRECTIONAL_COOKIE SHADOWS_OFF LUX_LIGHTING_BP ok=1
Cmd: compileSnippet
  api=4 type=0 insize=10315 outsize=1940 kw=SPOT SHADOWS_DEPTH LUX_LIGHTING_BP ok=1
Cmd: compileSnippet
  api=4 type=0 insize=10315 outsize=1940 kw=SPOT SHADOWS_DEPTH SHADOWS_NATIVE LUX_LIGHTING_BP ok=1
Cmd: compileSnippet
  api=0 type=0 insize=10315 outsize=671 kw=DIRECTIONAL_COOKIE SHADOWS_SCREEN LUX_LIGHTING_BP ok=1
Cmd: compileSnippet
  api=0 type=0 insize=10315 outsize=671 kw=POINT SHADOWS_CUBE LUX_LIGHTING_BP ok=1
Cmd: compileSnippet
  api=1 type=0 insize=10315 outsize=437 kw=POINT_COOKIE SHADOWS_CUBE LUX_LIGHTING_BP ok=1
Cmd: compileSnippet
  api=0 type=0 insize=10315 outsize=671 kw=SPOT SHADOWS_DEPTH SHADOWS_SOFT SHADOWS_NATIVE LUX_LIGHTING_BP ok=1
Cmd: compileSnippet
  api=1 type=0 insize=10315 outsize=437 kw=POINT SHADOWS_CUBE SHADOWS_SOFT LUX_LIGHTING_BP ok=1
Cmd: compileSnippet
  api=0 type=0 insize=10315 outsize=671 kw=POINT SHADOWS_OFF LUX_LIGHTING_CT ok=1
Cmd: compileSnippet
  api=1 type=0 insize=10315 outsize=437 kw=DIRECTIONAL SHADOWS_OFF LUX_LIGHTING_CT ok=1
Cmd: compileSnippet
  api=4 type=0 insize=10315 outsize=1940 kw=SPOT SHADOWS_OFF LUX_LIGHTING_CT ok=1
Cmd: compileSnippet
  api=1 type=0 insize=10315 outsize=437 kw=POINT_COOKIE SHADOWS_OFF LUX_LIGHTING_CT ok=1
Cmd: compileSnippet
  api=0 type=0 insize=10315 outsize=671 kw=SPOT SHADOWS_DEPTH LUX_LIGHTING_CT ok=1
Cmd: compileSnippet
  api=1 type=0 insize=10315 outsize=437 kw=SPOT SHADOWS_DEPTH SHADOWS_NATIVE LUX_LIGHTING_CT ok=1
Cmd: compileSnippet
  api=4 type=0 insize=10315 outsize=1940 kw=DIRECTIONAL SHADOWS_SCREEN LUX_LIGHTING_CT ok=1
Cmd: compileSnippet
  api=1 type=0 insize=10315 outsize=437 kw=DIRECTIONAL_COOKIE SHADOWS_SCREEN LUX_LIGHTING_CT ok=1
Cmd: compileSnippet
  api=0 type=0 insize=10315 outsize=671 kw=POINT_COOKIE SHADOWS_CUBE LUX_LIGHTING_CT ok=1
Cmd: compileSnippet
  api=1 type=0 insize=10315 outsize=437 kw=SPOT SHADOWS_DEPTH SHADOWS_SOFT LUX_LIGHTING_CT ok=1
Cmd: compileSnippet
  api=0 type=0 insize=10315 outsize=671 kw=POINT SHADOWS_CUBE SHADOWS_SOFT LUX_LIGHTING_CT ok=1
Cmd: compileSnippet
  api=1 type=0 insize=10315 outsize=437 kw=POINT_COOKIE SHADOWS_CUBE SHADOWS_SOFT LUX_LIGHTING_CT ok=1
Cmd: compileSnippet
  api=1 type=1 insize=10315 outsize=1462 kw=DIRECTIONAL SHADOWS_OFF LUX_LIGHTING_BP ok=1
Cmd: compileSnippet
  api=4 type=1 insize=10315 outsize=5662 kw=SPOT SHADOWS_OFF LUX_LIGHTING_BP ok=1
Cmd: compileSnippet
  api=4 type=1 insize=10315 outsize=4987 kw=DIRECTIONAL_COOKIE SHADOWS_OFF LUX_LIGHTING_BP ok=1
Cmd: compileSnippet
  api=4 type=1 insize=10315 outsize=6515 kw=SPOT SHADOWS_DEPTH SHADOWS_NATIVE LUX_LIGHTING_BP ok=1
Cmd: compileSnippet
  api=4 type=1 insize=10315 outsize=5320 kw=DIRECTIONAL_COOKIE SHADOWS_SCREEN LUX_LIGHTING_BP ok=1
Cmd: compileSnippet
  api=4 type=1 insize=10315 outsize=6052 kw=POINT_COOKIE SHADOWS_CUBE LUX_LIGHTING_BP ok=1
Cmd: compileSnippet
  api=1 type=1 insize=10315 outsize=2430 kw=SPOT SHADOWS_DEPTH SHADOWS_SOFT SHADOWS_NATIVE LUX_LIGHTING_BP ok=1
Cmd: compileSnippet
  api=1 type=1 insize=10315 outsize=2163 kw=POINT SHADOWS_CUBE SHADOWS_SOFT LUX_LIGHTING_BP ok=1
Cmd: compileSnippet
  api=0 type=1 insize=10315 outsize=2667 kw=POINT_COOKIE SHADOWS_CUBE SHADOWS_SOFT LUX_LIGHTING_BP ok=1
Cmd: compileSnippet
  api=1 type=1 insize=10315 outsize=1692 kw=POINT SHADOWS_OFF LUX_LIGHTING_CT ok=1
Cmd: compileSnippet
  api=0 type=1 insize=10315 outsize=1648 kw=DIRECTIONAL SHADOWS_OFF LUX_LIGHTING_CT ok=1
Cmd: compileSnippet
  api=4 type=1 insize=10315 outsize=4695 kw=DIRECTIONAL SHADOWS_OFF LUX_LIGHTING_CT ok=1
Cmd: compileSnippet
  api=4 type=1 insize=10315 outsize=5735 kw=POINT_COOKIE SHADOWS_OFF LUX_LIGHTING_CT ok=1
Cmd: compileSnippet
  api=0 type=1 insize=10315 outsize=2462 kw=SPOT SHADOWS_DEPTH SHADOWS_NATIVE LUX_LIGHTING_CT ok=1
Cmd: compileSnippet
  api=0 type=1 insize=10315 outsize=1756 kw=DIRECTIONAL SHADOWS_SCREEN LUX_LIGHTING_CT ok=1
Cmd: compileSnippet
  api=4 type=1 insize=10315 outsize=4971 kw=DIRECTIONAL SHADOWS_SCREEN LUX_LIGHTING_CT ok=1
Cmd: compileSnippet
  api=1 type=1 insize=10315 outsize=2129 kw=POINT_COOKIE SHADOWS_CUBE LUX_LIGHTING_CT ok=1
Cmd: compileSnippet
  api=1 type=1 insize=10315 outsize=2421 kw=SPOT SHADOWS_DEPTH SHADOWS_SOFT LUX_LIGHTING_CT ok=1
Cmd: compileSnippet
  api=0 type=1 insize=10315 outsize=2778 kw=SPOT SHADOWS_DEPTH SHADOWS_SOFT SHADOWS_NATIVE LUX_LIGHTING_CT ok=1
Cmd: compileSnippet
  api=0 type=1 insize=10315 outsize=2453 kw=POINT SHADOWS_CUBE SHADOWS_SOFT LUX_LIGHTING_CT ok=1
Cmd: compileSnippet
  api=4 type=1 insize=10315 outsize=6750 kw=POINT SHADOWS_CUBE SHADOWS_SOFT LUX_LIGHTING_CT ok=1
Cmd: compileSnippet
  api=8 type=0 insize=878 outsize=2779 kw= ok=1
Cmd: compileSnippet
  api=0 type=1 insize=878 outsize=551 kw= ok=1
Cmd: compileSnippet
  api=8 type=0 insize=627 outsize=2470 kw= ok=1
Cmd: compileSnippet
  api=8 type=0 insize=628 outsize=2470 kw= ok=1
Cmd: compileSnippet
  api=1 type=1 insize=628 outsize=297 kw= ok=1
Cmd: compileSnippet
  api=1 type=1 insize=880 outsize=451 kw= ok=1
Cmd: compileSnippet
  api=1 type=1 insize=792 outsize=297 kw= ok=1
Cmd: compileSnippet
  api=8 type=1 insize=908 outsize=2040 kw= ok=1
Cmd: compileSnippet
  api=8 type=0 insize=788 outsize=3738 kw= ok=1
Cmd: compileSnippet
  api=1 type=1 insize=985 outsize=429 kw= ok=1
Cmd: compileSnippet
  api=1 type=0 insize=885 outsize=594 kw= ok=1
Cmd: compileSnippet
  api=1 type=0 insize=959 outsize=1616 kw= ok=1
Cmd: compileSnippet
  api=8 type=1 insize=959 outsize=2170 kw= ok=1
Cmd: compileSnippet
  api=8 type=0 insize=911 outsize=6931 kw= ok=1
Cmd: compileSnippet
  api=1 type=0 insize=887 outsize=170 kw= ok=1
Cmd: compileSnippet
  api=8 type=1 insize=887 outsize=1308 kw= ok=1
Cmd: compileSnippet
  api=8 type=0 insize=636 outsize=1292 kw= ok=1
Cmd: compileSnippet
  api=0 type=1 insize=636 outsize=92 kw= ok=1
Cmd: compileSnippet
  api=8 type=1 insize=637 outsize=658 kw= ok=1
Cmd: compileSnippet
  api=8 type=0 insize=889 outsize=1625 kw= ok=1
Cmd: compileSnippet
  api=1 type=1 insize=889 outsize=255 kw= ok=1
Cmd: compileSnippet
  api=1 type=1 insize=746 outsize=80 kw= ok=1
Cmd: compileSnippet
  api=1 type=1 insize=906 outsize=233 kw= ok=1
Cmd: compileSnippet
  api=1 type=1 insize=771 outsize=80 kw= ok=1
Cmd: compileSnippet
  api=1 type=0 insize=968 outsize=459 kw= ok=1
Cmd: compileSnippet
  api=1 type=1 insize=968 outsize=233 kw= ok=1
Cmd: compileSnippet
  api=1 type=0 insize=902 outsize=534 kw= ok=1
Cmd: compileSnippet
  api=0 type=1 insize=970 outsize=242 kw= ok=1
Cmd: compileSnippet
  api=1 type=1 insize=919 outsize=251 kw= ok=1
Unhandled exception: Readfile from pipe failed. GLE=The pipe has been ended.


Quitting shader compiler process
