Base path: E:/Programs/UnityH/Editor/Data
Pipe name: \\.\pipe\UnityShaderCompiler-4-7672
Cmd: getPlatforms
Cmd: compileSnippet
  api=1 type=0 insize=4479 outsize=748 kw=DIRECTIONAL SHADOWS_OFF LIGHTMAP_ON DIRLIGHTMAP_OFF ok=1
Cmd: compileSnippet
  api=1 type=0 insize=4479 outsize=876 kw=DIRECTIONAL SHADOWS_SCREEN LIGHTMAP_ON DIRLIGHTMAP_OFF ok=1
Cmd: compileSnippet
  api=4 type=0 insize=4479 outsize=3167 kw=DIRECTIONAL SHADOWS_SCREEN LIGHTMAP_ON DIRLIGHTMAP_ON ok=1
Cmd: compileSnippet
  api=1 type=0 insize=4479 outsize=748 kw=DIRECTIONAL SHADOWS_OFF LIGHTMAP_OFF DIRLIGHTMAP_OFF VERTEXLIGHT_ON ok=1
Cmd: compileSnippet
  api=4 type=0 insize=4479 outsize=3167 kw=DIRECTIONAL SHADOWS_SCREEN LIGHTMAP_OFF DIRLIGHTMAP_OFF VERTEXLIGHT_ON ok=1
Cmd: compileSnippet
  api=1 type=1 insize=4479 outsize=1435 kw=DIRECTIONAL SHADOWS_OFF LIGHTMAP_ON DIRLIGHTMAP_OFF ok=1
Cmd: compileSnippet
  api=4 type=1 insize=4479 outsize=5101 kw=DIRECTIONAL SHADOWS_SCREEN LIGHTMAP_OFF DIRLIGHTMAP_OFF ok=1
Cmd: compileSnippet
  api=1 type=1 insize=4479 outsize=1560 kw=DIRECTIONAL SHADOWS_SCREEN LIGHTMAP_ON DIRLIGHTMAP_ON ok=1
Cmd: compileSnippet
  api=1 type=0 insize=4154 outsize=830 kw=POINT SHADOWS_OFF ok=1
Cmd: compileSnippet
  api=1 type=0 insize=4154 outsize=848 kw=SPOT SHADOWS_OFF ok=1
Cmd: compileSnippet
  api=0 type=0 insize=4154 outsize=3079 kw=DIRECTIONAL_COOKIE SHADOWS_OFF ok=1
Cmd: compileSnippet
  api=0 type=0 insize=4154 outsize=3608 kw=SPOT SHADOWS_DEPTH SHADOWS_NATIVE ok=1
Cmd: compileSnippet
  api=0 type=0 insize=4154 outsize=3537 kw=DIRECTIONAL_COOKIE SHADOWS_SCREEN ok=1
Cmd: compileSnippet
  api=0 type=0 insize=4154 outsize=3982 kw=POINT_COOKIE SHADOWS_CUBE ok=1
Cmd: compileSnippet
  api=4 type=0 insize=4154 outsize=3647 kw=SPOT SHADOWS_DEPTH SHADOWS_SOFT ok=1
Cmd: compileSnippet
  api=0 type=0 insize=4154 outsize=4945 kw=POINT SHADOWS_CUBE SHADOWS_SOFT ok=1
Cmd: compileSnippet
  api=4 type=0 insize=4154 outsize=3411 kw=POINT_COOKIE SHADOWS_CUBE SHADOWS_SOFT ok=1
Cmd: compileSnippet
  api=1 type=1 insize=4154 outsize=1326 kw=POINT SHADOWS_OFF ok=1
Cmd: compileSnippet
  api=1 type=1 insize=4154 outsize=1376 kw=POINT_COOKIE SHADOWS_OFF ok=1
Cmd: compileSnippet
  api=0 type=1 insize=4154 outsize=6 kw=SPOT SHADOWS_DEPTH ok=1
Cmd: compileSnippet
  api=1 type=1 insize=4154 outsize=1624 kw=SPOT SHADOWS_DEPTH ok=1
Cmd: compileSnippet
  api=4 type=1 insize=4154 outsize=5369 kw=SPOT SHADOWS_DEPTH SHADOWS_NATIVE ok=1
Cmd: compileSnippet
  api=0 type=1 insize=4154 outsize=6 kw=POINT SHADOWS_CUBE ok=1
Cmd: compileSnippet
  api=0 type=1 insize=4154 outsize=6 kw=POINT_COOKIE SHADOWS_CUBE ok=1
Cmd: compileSnippet
  api=1 type=1 insize=4154 outsize=1664 kw=POINT_COOKIE SHADOWS_CUBE ok=1
Cmd: compileSnippet
  api=4 type=1 insize=4154 outsize=6011 kw=SPOT SHADOWS_DEPTH SHADOWS_SOFT ok=1
Cmd: compileSnippet
  api=4 type=1 insize=4154 outsize=5946 kw=POINT SHADOWS_CUBE SHADOWS_SOFT ok=1
Cmd: compileSnippet
  api=1 type=0 insize=3444 outsize=396 kw=DIRECTIONAL SHADOWS_OFF LIGHTMAP_ON DIRLIGHTMAP_OFF ok=1
Cmd: compileSnippet
  api=0 type=0 insize=3444 outsize=707 kw=DIRECTIONAL SHADOWS_OFF LIGHTMAP_ON DIRLIGHTMAP_ON ok=1
Cmd: compileSnippet
  api=1 type=0 insize=3444 outsize=396 kw=DIRECTIONAL SHADOWS_SCREEN LIGHTMAP_OFF DIRLIGHTMAP_OFF ok=1
Cmd: compileSnippet
  api=0 type=0 insize=3444 outsize=707 kw=DIRECTIONAL SHADOWS_SCREEN LIGHTMAP_ON DIRLIGHTMAP_ON ok=1
Cmd: compileSnippet
  api=0 type=0 insize=3444 outsize=707 kw=DIRECTIONAL SHADOWS_OFF LIGHTMAP_OFF DIRLIGHTMAP_OFF VERTEXLIGHT_ON ok=1
Cmd: compileSnippet
  api=4 type=0 insize=3444 outsize=1729 kw=DIRECTIONAL SHADOWS_SCREEN LIGHTMAP_OFF DIRLIGHTMAP_OFF VERTEXLIGHT_ON ok=1
Cmd: compileSnippet
  api=1 type=1 insize=3444 outsize=852 kw=DIRECTIONAL SHADOWS_OFF LIGHTMAP_ON DIRLIGHTMAP_OFF ok=1
Cmd: compileSnippet
  api=4 type=1 insize=3444 outsize=3208 kw=DIRECTIONAL SHADOWS_OFF LIGHTMAP_ON DIRLIGHTMAP_OFF ok=1
Cmd: compileSnippet
  api=0 type=1 insize=3444 outsize=1129 kw=DIRECTIONAL SHADOWS_SCREEN LIGHTMAP_OFF DIRLIGHTMAP_OFF ok=1
Cmd: compileSnippet
  api=1 type=1 insize=3444 outsize=852 kw=DIRECTIONAL SHADOWS_SCREEN LIGHTMAP_ON DIRLIGHTMAP_OFF ok=1
Cmd: compileSnippet
  api=4 type=1 insize=3444 outsize=3208 kw=DIRECTIONAL SHADOWS_SCREEN LIGHTMAP_ON DIRLIGHTMAP_ON ok=1
Cmd: compileSnippet
  api=1 type=0 insize=3481 outsize=396 kw=DIRECTIONAL ok=1
Cmd: compileSnippet
  api=1 type=0 insize=3481 outsize=478 kw=POINT_COOKIE ok=1
Cmd: compileSnippet
  api=1 type=0 insize=3481 outsize=460 kw=DIRECTIONAL_COOKIE ok=1
Cmd: compileSnippet
  api=0 type=1 insize=3481 outsize=1060 kw=DIRECTIONAL ok=1
Cmd: compileSnippet
  api=1 type=1 insize=3481 outsize=964 kw=POINT_COOKIE ok=1
Cmd: compileSnippet
  api=4 type=1 insize=3481 outsize=3362 kw=DIRECTIONAL_COOKIE ok=1
Cmd: compileSnippet
  api=0 type=0 insize=4461 outsize=3232 kw=DIRECTIONAL SHADOWS_OFF LIGHTMAP_ON DIRLIGHTMAP_OFF ok=1
Cmd: compileSnippet
  api=4 type=0 insize=4461 outsize=2777 kw=DIRECTIONAL SHADOWS_OFF LIGHTMAP_ON DIRLIGHTMAP_ON ok=1
Cmd: compileSnippet
  api=4 type=0 insize=4461 outsize=3167 kw=DIRECTIONAL SHADOWS_SCREEN LIGHTMAP_OFF DIRLIGHTMAP_OFF ok=1
Cmd: compileSnippet
  api=4 type=0 insize=4461 outsize=3167 kw=DIRECTIONAL SHADOWS_SCREEN LIGHTMAP_ON DIRLIGHTMAP_OFF ok=1
Cmd: compileSnippet
  api=4 type=0 insize=4461 outsize=3167 kw=DIRECTIONAL SHADOWS_SCREEN LIGHTMAP_ON DIRLIGHTMAP_ON ok=1
Cmd: compileSnippet
  api=4 type=0 insize=4461 outsize=2777 kw=DIRECTIONAL SHADOWS_OFF LIGHTMAP_OFF DIRLIGHTMAP_OFF VERTEXLIGHT_ON ok=1
Cmd: compileSnippet
  api=4 type=0 insize=4461 outsize=3167 kw=DIRECTIONAL SHADOWS_SCREEN LIGHTMAP_OFF DIRLIGHTMAP_OFF VERTEXLIGHT_ON ok=1
Cmd: compileSnippet
  api=1 type=1 insize=4461 outsize=1483 kw=DIRECTIONAL SHADOWS_OFF LIGHTMAP_OFF DIRLIGHTMAP_OFF ok=1
Cmd: compileSnippet
  api=4 type=1 insize=4461 outsize=4898 kw=DIRECTIONAL SHADOWS_OFF LIGHTMAP_ON DIRLIGHTMAP_ON ok=1
Cmd: compileSnippet
  api=4 type=1 insize=4461 outsize=5280 kw=DIRECTIONAL SHADOWS_SCREEN LIGHTMAP_ON DIRLIGHTMAP_OFF ok=1
Cmd: compileSnippet
  api=1 type=0 insize=4335 outsize=748 kw=DIRECTIONAL SHADOWS_OFF ok=1
Cmd: compileSnippet
  api=0 type=0 insize=4335 outsize=3540 kw=POINT_COOKIE SHADOWS_OFF ok=1
Cmd: compileSnippet
  api=1 type=0 insize=4335 outsize=812 kw=DIRECTIONAL_COOKIE SHADOWS_OFF ok=1
Cmd: compileSnippet
  api=4 type=0 insize=4335 outsize=3647 kw=SPOT SHADOWS_DEPTH ok=1
Cmd: compileSnippet
  api=0 type=0 insize=4335 outsize=3648 kw=DIRECTIONAL SHADOWS_SCREEN ok=1
Cmd: compileSnippet
  api=0 type=0 insize=4335 outsize=4200 kw=POINT SHADOWS_CUBE ok=1
Cmd: compileSnippet
  api=1 type=0 insize=4335 outsize=868 kw=POINT_COOKIE SHADOWS_CUBE ok=1
Cmd: compileSnippet
  api=1 type=0 insize=4335 outsize=938 kw=SPOT SHADOWS_DEPTH SHADOWS_SOFT ok=1
Cmd: compileSnippet
  api=1 type=0 insize=4335 outsize=938 kw=SPOT SHADOWS_DEPTH SHADOWS_SOFT SHADOWS_NATIVE ok=1
Cmd: compileSnippet
  api=0 type=0 insize=4335 outsize=5431 kw=POINT_COOKIE SHADOWS_CUBE SHADOWS_SOFT ok=1
Cmd: compileSnippet
  api=1 type=1 insize=4335 outsize=1539 kw=POINT SHADOWS_OFF ok=1
Cmd: compileSnippet
  api=0 type=1 insize=4335 outsize=6 kw=SPOT SHADOWS_OFF ok=1
Cmd: compileSnippet
  api=1 type=1 insize=4335 outsize=1589 kw=POINT_COOKIE SHADOWS_OFF ok=1
Cmd: compileSnippet
  api=0 type=1 insize=4335 outsize=6 kw=SPOT SHADOWS_DEPTH ok=1
Cmd: compileSnippet
  api=1 type=1 insize=4335 outsize=1837 kw=SPOT SHADOWS_DEPTH ok=1
Cmd: compileSnippet
  api=4 type=1 insize=4335 outsize=6084 kw=SPOT SHADOWS_DEPTH SHADOWS_NATIVE ok=1
Cmd: compileSnippet
  api=4 type=1 insize=4335 outsize=5800 kw=POINT SHADOWS_CUBE ok=1
Cmd: compileSnippet
  api=0 type=1 insize=4335 outsize=6 kw=SPOT SHADOWS_DEPTH SHADOWS_SOFT SHADOWS_NATIVE ok=1
Cmd: compileSnippet
  api=4 type=1 insize=4335 outsize=6693 kw=SPOT SHADOWS_DEPTH SHADOWS_SOFT SHADOWS_NATIVE ok=1
Cmd: compileSnippet
  api=1 type=0 insize=8343 outsize=748 kw=DIRECTIONAL SHADOWS_OFF LIGHTMAP_OFF DIRLIGHTMAP_OFF ok=1
Cmd: compileSnippet
  api=0 type=0 insize=8343 outsize=1219 kw=DIRECTIONAL SHADOWS_SCREEN LIGHTMAP_OFF DIRLIGHTMAP_OFF ok=1
Cmd: compileSnippet
  api=1 type=0 insize=8343 outsize=939 kw=DIRECTIONAL SHADOWS_SCREEN LIGHTMAP_ON DIRLIGHTMAP_OFF ok=1
Cmd: compileSnippet
  api=0 type=0 insize=8343 outsize=1112 kw=DIRECTIONAL SHADOWS_OFF LIGHTMAP_OFF DIRLIGHTMAP_OFF VERTEXLIGHT_ON ok=1
Cmd: compileSnippet
  api=4 type=0 insize=8343 outsize=3216 kw=DIRECTIONAL SHADOWS_SCREEN LIGHTMAP_OFF DIRLIGHTMAP_OFF VERTEXLIGHT_ON ok=1
Cmd: compileSnippet
  api=1 type=1 insize=8343 outsize=2818 kw=DIRECTIONAL SHADOWS_OFF LIGHTMAP_OFF DIRLIGHTMAP_OFF ok=1
Cmd: compileSnippet
  api=4 type=1 insize=8343 outsize=9001 kw=DIRECTIONAL SHADOWS_OFF LIGHTMAP_ON DIRLIGHTMAP_ON ok=1
Cmd: compileSnippet
  api=4 type=1 insize=8343 outsize=9050 kw=DIRECTIONAL SHADOWS_SCREEN LIGHTMAP_ON DIRLIGHTMAP_ON ok=1
Cmd: compileSnippet
  api=1 type=0 insize=6169 outsize=748 kw=DIRECTIONAL SHADOWS_OFF ok=1
Cmd: compileSnippet
  api=1 type=0 insize=6169 outsize=830 kw=POINT_COOKIE SHADOWS_OFF ok=1
Cmd: compileSnippet
  api=4 type=0 insize=6169 outsize=3281 kw=POINT_COOKIE SHADOWS_OFF ok=1
Cmd: compileSnippet
  api=1 type=0 insize=6169 outsize=938 kw=SPOT SHADOWS_DEPTH ok=1
Cmd: compileSnippet
  api=4 type=0 insize=6169 outsize=3695 kw=SPOT SHADOWS_DEPTH SHADOWS_NATIVE ok=1
Cmd: compileSnippet
  api=1 type=0 insize=6169 outsize=940 kw=DIRECTIONAL_COOKIE SHADOWS_SCREEN ok=1
Cmd: compileSnippet
  api=0 type=0 insize=6169 outsize=1227 kw=POINT_COOKIE SHADOWS_CUBE ok=1
Cmd: compileSnippet
  api=4 type=0 insize=6169 outsize=3460 kw=POINT_COOKIE SHADOWS_CUBE ok=1
Cmd: compileSnippet
  api=0 type=0 insize=6169 outsize=1374 kw=SPOT SHADOWS_DEPTH SHADOWS_SOFT SHADOWS_NATIVE ok=1
Cmd: compileSnippet
  api=1 type=0 insize=6169 outsize=868 kw=POINT SHADOWS_CUBE SHADOWS_SOFT ok=1
Cmd: compileSnippet
  api=4 type=0 insize=6169 outsize=3460 kw=POINT_COOKIE SHADOWS_CUBE SHADOWS_SOFT ok=1
Cmd: compileSnippet
  api=1 type=1 insize=6169 outsize=2615 kw=DIRECTIONAL SHADOWS_OFF ok=1
Cmd: compileSnippet
  api=1 type=1 insize=6169 outsize=2830 kw=SPOT SHADOWS_OFF ok=1
Cmd: compileSnippet
  api=4 type=1 insize=6169 outsize=8262 kw=POINT_COOKIE SHADOWS_OFF ok=1
Cmd: compileSnippet
  api=4 type=1 insize=6169 outsize=9090 kw=SPOT SHADOWS_DEPTH SHADOWS_NATIVE ok=1
Cmd: compileSnippet
  api=4 type=1 insize=6169 outsize=8335 kw=DIRECTIONAL_COOKIE SHADOWS_SCREEN ok=1
Cmd: compileSnippet
  api=4 type=1 insize=6169 outsize=8993 kw=POINT_COOKIE SHADOWS_CUBE ok=1
Cmd: compileSnippet
  api=4 type=1 insize=6169 outsize=9700 kw=SPOT SHADOWS_DEPTH SHADOWS_SOFT SHADOWS_NATIVE ok=1
Cmd: compileSnippet
  api=0 type=1 insize=6169 outsize=3761 kw=POINT_COOKIE SHADOWS_CUBE SHADOWS_SOFT ok=1
Cmd: compileSnippet
  api=1 type=0 insize=10316 outsize=437 kw=DIRECTIONAL SHADOWS_OFF LUX_LIGHTING_CT ok=1
Cmd: compileSnippet
  api=0 type=0 insize=10316 outsize=671 kw=SPOT SHADOWS_OFF LUX_LIGHTING_CT ok=1
Cmd: compileSnippet
  api=4 type=0 insize=10316 outsize=1940 kw=POINT_COOKIE SHADOWS_OFF LUX_LIGHTING_CT ok=1
Cmd: compileSnippet
  api=0 type=0 insize=10316 outsize=671 kw=SPOT SHADOWS_DEPTH LUX_LIGHTING_CT ok=1
Cmd: compileSnippet
  api=1 type=0 insize=10316 outsize=437 kw=SPOT SHADOWS_DEPTH SHADOWS_NATIVE LUX_LIGHTING_CT ok=1
Cmd: compileSnippet
  api=0 type=0 insize=10316 outsize=671 kw=DIRECTIONAL_COOKIE SHADOWS_SCREEN LUX_LIGHTING_CT ok=1
Cmd: compileSnippet
  api=1 type=0 insize=10316 outsize=437 kw=POINT SHADOWS_CUBE LUX_LIGHTING_CT ok=1
Cmd: compileSnippet
  api=0 type=0 insize=10316 outsize=671 kw=SPOT SHADOWS_DEPTH SHADOWS_SOFT LUX_LIGHTING_CT ok=1
Cmd: compileSnippet
  api=1 type=0 insize=10316 outsize=437 kw=SPOT SHADOWS_DEPTH SHADOWS_SOFT SHADOWS_NATIVE LUX_LIGHTING_CT ok=1
Cmd: compileSnippet
  api=0 type=0 insize=10316 outsize=671 kw=POINT_COOKIE SHADOWS_CUBE SHADOWS_SOFT LUX_LIGHTING_CT ok=1
Cmd: compileSnippet
  api=0 type=0 insize=10316 outsize=671 kw=DIRECTIONAL SHADOWS_OFF LUX_LIGHTING_BP ok=1
Cmd: compileSnippet
  api=0 type=0 insize=10316 outsize=671 kw=POINT_COOKIE SHADOWS_OFF LUX_LIGHTING_BP ok=1
Cmd: compileSnippet
  api=4 type=0 insize=10316 outsize=1940 kw=DIRECTIONAL_COOKIE SHADOWS_OFF LUX_LIGHTING_BP ok=1
Cmd: compileSnippet
  api=1 type=0 insize=10316 outsize=437 kw=SPOT SHADOWS_DEPTH LUX_LIGHTING_BP ok=1
Cmd: compileSnippet
  api=0 type=0 insize=10316 outsize=671 kw=DIRECTIONAL SHADOWS_SCREEN LUX_LIGHTING_BP ok=1
Cmd: compileSnippet
  api=4 type=0 insize=10316 outsize=1940 kw=DIRECTIONAL_COOKIE SHADOWS_SCREEN LUX_LIGHTING_BP ok=1
Cmd: compileSnippet
  api=4 type=0 insize=10316 outsize=1940 kw=POINT SHADOWS_CUBE LUX_LIGHTING_BP ok=1
Cmd: compileSnippet
  api=0 type=0 insize=10316 outsize=671 kw=SPOT SHADOWS_DEPTH SHADOWS_SOFT LUX_LIGHTING_BP ok=1
Cmd: compileSnippet
  api=1 type=0 insize=10316 outsize=437 kw=SPOT SHADOWS_DEPTH SHADOWS_SOFT SHADOWS_NATIVE LUX_LIGHTING_BP ok=1
Cmd: compileSnippet
  api=4 type=0 insize=10316 outsize=1940 kw=POINT SHADOWS_CUBE SHADOWS_SOFT LUX_LIGHTING_BP ok=1
Cmd: compileSnippet
  api=0 type=1 insize=10316 outsize=1967 kw=POINT SHADOWS_OFF LUX_LIGHTING_CT ok=1
Cmd: compileSnippet
  api=1 type=1 insize=10316 outsize=2030 kw=SPOT SHADOWS_OFF LUX_LIGHTING_CT ok=1
Cmd: compileSnippet
  api=0 type=1 insize=10316 outsize=2184 kw=POINT_COOKIE SHADOWS_OFF LUX_LIGHTING_CT ok=1
Cmd: compileSnippet
  api=4 type=1 insize=10316 outsize=5320 kw=DIRECTIONAL_COOKIE SHADOWS_OFF LUX_LIGHTING_CT ok=1
Cmd: compileSnippet
  api=0 type=1 insize=10316 outsize=2555 kw=SPOT SHADOWS_DEPTH SHADOWS_NATIVE LUX_LIGHTING_CT ok=1
Cmd: compileSnippet
  api=0 type=1 insize=10316 outsize=1849 kw=DIRECTIONAL SHADOWS_SCREEN LUX_LIGHTING_CT ok=1
Cmd: compileSnippet
  api=4 type=1 insize=10316 outsize=5020 kw=DIRECTIONAL SHADOWS_SCREEN LUX_LIGHTING_CT ok=1
Cmd: compileSnippet
  api=4 type=1 insize=10316 outsize=5905 kw=POINT SHADOWS_CUBE LUX_LIGHTING_CT ok=1
Cmd: compileSnippet
  api=4 type=1 insize=10316 outsize=7408 kw=SPOT SHADOWS_DEPTH SHADOWS_SOFT LUX_LIGHTING_CT ok=1
Cmd: compileSnippet
  api=0 type=1 insize=10316 outsize=2752 kw=POINT_COOKIE SHADOWS_CUBE SHADOWS_SOFT LUX_LIGHTING_CT ok=1
Cmd: compileSnippet
  api=4 type=1 insize=10316 outsize=7165 kw=POINT_COOKIE SHADOWS_CUBE SHADOWS_SOFT LUX_LIGHTING_CT ok=1
Cmd: compileSnippet
  api=4 type=1 insize=10316 outsize=4459 kw=DIRECTIONAL SHADOWS_OFF LUX_LIGHTING_BP ok=1
Cmd: compileSnippet
  api=4 type=1 insize=10316 outsize=5499 kw=POINT_COOKIE SHADOWS_OFF LUX_LIGHTING_BP ok=1
Cmd: compileSnippet
  api=4 type=1 insize=10316 outsize=6474 kw=SPOT SHADOWS_DEPTH LUX_LIGHTING_BP ok=1
Cmd: compileSnippet
  api=1 type=1 insize=10316 outsize=1873 kw=DIRECTIONAL_COOKIE SHADOWS_SCREEN LUX_LIGHTING_BP ok=1
Cmd: compileSnippet
  api=4 type=1 insize=10316 outsize=5369 kw=DIRECTIONAL_COOKIE SHADOWS_SCREEN LUX_LIGHTING_BP ok=1
Cmd: compileSnippet
  api=4 type=1 insize=10316 outsize=6100 kw=POINT_COOKIE SHADOWS_CUBE LUX_LIGHTING_BP ok=1
Cmd: compileSnippet
  api=4 type=1 insize=10316 outsize=7173 kw=SPOT SHADOWS_DEPTH SHADOWS_SOFT SHADOWS_NATIVE LUX_LIGHTING_BP ok=1
Cmd: compileSnippet
  api=0 type=0 insize=10310 outsize=671 kw=POINT SHADOWS_OFF LUX_LIGHTING_CT ok=1
Cmd: compileSnippet
  api=4 type=0 insize=10310 outsize=1940 kw=SPOT SHADOWS_OFF LUX_LIGHTING_CT ok=1
Cmd: compileSnippet
  api=1 type=0 insize=10310 outsize=437 kw=POINT_COOKIE SHADOWS_OFF LUX_LIGHTING_CT ok=1
Cmd: compileSnippet
  api=1 type=0 insize=10310 outsize=437 kw=DIRECTIONAL_COOKIE SHADOWS_OFF LUX_LIGHTING_CT ok=1
Cmd: compileSnippet
  api=0 type=0 insize=10310 outsize=671 kw=SPOT SHADOWS_DEPTH SHADOWS_NATIVE LUX_LIGHTING_CT ok=1
Cmd: compileSnippet
  api=1 type=0 insize=10310 outsize=437 kw=DIRECTIONAL SHADOWS_SCREEN LUX_LIGHTING_CT ok=1
Cmd: compileSnippet
  api=0 type=0 insize=10310 outsize=671 kw=POINT SHADOWS_CUBE LUX_LIGHTING_CT ok=1
Cmd: compileSnippet
  api=1 type=0 insize=10310 outsize=437 kw=POINT_COOKIE SHADOWS_CUBE LUX_LIGHTING_CT ok=1
Cmd: compileSnippet
  api=4 type=0 insize=10310 outsize=1940 kw=SPOT SHADOWS_DEPTH SHADOWS_SOFT LUX_LIGHTING_CT ok=1
Cmd: compileSnippet
  api=4 type=0 insize=10310 outsize=1940 kw=SPOT SHADOWS_DEPTH SHADOWS_SOFT SHADOWS_NATIVE LUX_LIGHTING_CT ok=1
Cmd: compileSnippet
  api=4 type=0 insize=10310 outsize=1940 kw=POINT SHADOWS_CUBE SHADOWS_SOFT LUX_LIGHTING_CT ok=1
Cmd: compileSnippet
  api=0 type=0 insize=10310 outsize=671 kw=POINT SHADOWS_OFF LUX_LIGHTING_BP ok=1
Cmd: compileSnippet
  api=4 type=0 insize=10310 outsize=1940 kw=DIRECTIONAL SHADOWS_OFF LUX_LIGHTING_BP ok=1
Cmd: compileSnippet
  api=4 type=0 insize=10310 outsize=1940 kw=SPOT SHADOWS_OFF LUX_LIGHTING_BP ok=1
Cmd: compileSnippet
  api=4 type=0 insize=10310 outsize=1940 kw=POINT_COOKIE SHADOWS_OFF LUX_LIGHTING_BP ok=1
Cmd: compileSnippet
  api=0 type=0 insize=10310 outsize=671 kw=SPOT SHADOWS_DEPTH LUX_LIGHTING_BP ok=1
Cmd: compileSnippet
  api=4 type=0 insize=10310 outsize=1940 kw=SPOT SHADOWS_DEPTH SHADOWS_NATIVE LUX_LIGHTING_BP ok=1
Cmd: compileSnippet
  api=0 type=0 insize=10310 outsize=671 kw=DIRECTIONAL_COOKIE SHADOWS_SCREEN LUX_LIGHTING_BP ok=1
Cmd: compileSnippet
  api=4 type=0 insize=10310 outsize=1940 kw=POINT SHADOWS_CUBE LUX_LIGHTING_BP ok=1
Cmd: compileSnippet
  api=4 type=0 insize=10310 outsize=1940 kw=POINT_COOKIE SHADOWS_CUBE LUX_LIGHTING_BP ok=1
Cmd: compileSnippet
  api=0 type=0 insize=10310 outsize=671 kw=SPOT SHADOWS_DEPTH SHADOWS_SOFT SHADOWS_NATIVE LUX_LIGHTING_BP ok=1
Cmd: compileSnippet
  api=1 type=0 insize=10310 outsize=437 kw=POINT SHADOWS_CUBE SHADOWS_SOFT LUX_LIGHTING_BP ok=1
Cmd: compileSnippet
  api=4 type=0 insize=10310 outsize=1940 kw=POINT_COOKIE SHADOWS_CUBE SHADOWS_SOFT LUX_LIGHTING_BP ok=1
Cmd: compileSnippet
  api=0 type=1 insize=10310 outsize=1643 kw=DIRECTIONAL SHADOWS_OFF LUX_LIGHTING_CT ok=1
Cmd: compileSnippet
  api=0 type=1 insize=10310 outsize=2130 kw=SPOT SHADOWS_OFF LUX_LIGHTING_CT ok=1
Cmd: compileSnippet
  api=0 type=1 insize=10310 outsize=2086 kw=POINT_COOKIE SHADOWS_OFF LUX_LIGHTING_CT ok=1
Cmd: compileSnippet
  api=1 type=1 insize=10310 outsize=1706 kw=DIRECTIONAL_COOKIE SHADOWS_OFF LUX_LIGHTING_CT ok=1
Cmd: compileSnippet
  api=0 type=1 insize=10310 outsize=2485 kw=SPOT SHADOWS_DEPTH LUX_LIGHTING_CT ok=1
Cmd: compileSnippet
  api=1 type=1 insize=10310 outsize=2209 kw=SPOT SHADOWS_DEPTH SHADOWS_NATIVE LUX_LIGHTING_CT ok=1
Cmd: compileSnippet
  api=0 type=1 insize=10310 outsize=1751 kw=DIRECTIONAL SHADOWS_SCREEN LUX_LIGHTING_CT ok=1
Cmd: compileSnippet
  api=4 type=1 insize=10310 outsize=4971 kw=DIRECTIONAL SHADOWS_SCREEN LUX_LIGHTING_CT ok=1
Cmd: compileSnippet
  api=4 type=1 insize=10310 outsize=5857 kw=POINT SHADOWS_CUBE LUX_LIGHTING_CT ok=1
Cmd: compileSnippet
  api=4 type=1 insize=10310 outsize=7360 kw=SPOT SHADOWS_DEPTH SHADOWS_SOFT LUX_LIGHTING_CT ok=1
Cmd: compileSnippet
  api=0 type=1 insize=10310 outsize=2654 kw=POINT_COOKIE SHADOWS_CUBE SHADOWS_SOFT LUX_LIGHTING_CT ok=1
Cmd: compileSnippet
  api=0 type=1 insize=10310 outsize=1800 kw=POINT SHADOWS_OFF LUX_LIGHTING_BP ok=1
Cmd: compileSnippet
  api=4 type=1 insize=10310 outsize=4971 kw=POINT SHADOWS_OFF LUX_LIGHTING_BP ok=1
Cmd: compileSnippet
  api=4 type=1 insize=10310 outsize=5662 kw=SPOT SHADOWS_OFF LUX_LIGHTING_BP ok=1
Cmd: compileSnippet
  api=4 type=1 insize=10310 outsize=4987 kw=DIRECTIONAL_COOKIE SHADOWS_OFF LUX_LIGHTING_BP ok=1
Cmd: compileSnippet
  api=1 type=1 insize=10310 outsize=1570 kw=DIRECTIONAL SHADOWS_SCREEN LUX_LIGHTING_BP ok=1
Cmd: compileSnippet
  api=1 type=1 insize=10310 outsize=1794 kw=DIRECTIONAL_COOKIE SHADOWS_SCREEN LUX_LIGHTING_BP ok=1
Cmd: compileSnippet
  api=4 type=1 insize=10310 outsize=5320 kw=DIRECTIONAL_COOKIE SHADOWS_SCREEN LUX_LIGHTING_BP ok=1
Cmd: compileSnippet
  api=4 type=1 insize=10310 outsize=6052 kw=POINT_COOKIE SHADOWS_CUBE LUX_LIGHTING_BP ok=1
Cmd: compileSnippet
  api=1 type=1 insize=10310 outsize=2158 kw=POINT SHADOWS_CUBE SHADOWS_SOFT LUX_LIGHTING_BP ok=1
Cmd: compileSnippet
  api=1 type=1 insize=10310 outsize=2362 kw=POINT_COOKIE SHADOWS_CUBE SHADOWS_SOFT LUX_LIGHTING_BP ok=1
Cmd: compileSnippet
  api=0 type=0 insize=10315 outsize=671 kw=DIRECTIONAL SHADOWS_OFF LUX_LIGHTING_BP ok=1
Cmd: compileSnippet
  api=1 type=0 insize=10315 outsize=437 kw=SPOT SHADOWS_OFF LUX_LIGHTING_BP ok=1
Cmd: compileSnippet
  api=0 type=0 insize=10315 outsize=671 kw=DIRECTIONAL_COOKIE SHADOWS_OFF LUX_LIGHTING_BP ok=1
Cmd: compileSnippet
  api=1 type=0 insize=10315 outsize=437 kw=SPOT SHADOWS_DEPTH LUX_LIGHTING_BP ok=1
Cmd: compileSnippet
  api=0 type=0 insize=10315 outsize=671 kw=DIRECTIONAL SHADOWS_SCREEN LUX_LIGHTING_BP ok=1
Cmd: compileSnippet
  api=1 type=0 insize=10315 outsize=437 kw=DIRECTIONAL_COOKIE SHADOWS_SCREEN LUX_LIGHTING_BP ok=1
Cmd: compileSnippet
  api=4 type=0 insize=10315 outsize=1940 kw=POINT SHADOWS_CUBE LUX_LIGHTING_BP ok=1
Cmd: compileSnippet
  api=0 type=0 insize=10315 outsize=671 kw=SPOT SHADOWS_DEPTH SHADOWS_SOFT LUX_LIGHTING_BP ok=1
Cmd: compileSnippet
  api=4 type=0 insize=10315 outsize=1940 kw=SPOT SHADOWS_DEPTH SHADOWS_SOFT SHADOWS_NATIVE LUX_LIGHTING_BP ok=1
Cmd: compileSnippet
  api=4 type=0 insize=10315 outsize=1940 kw=POINT SHADOWS_CUBE SHADOWS_SOFT LUX_LIGHTING_BP ok=1
Cmd: compileSnippet
  api=4 type=0 insize=10315 outsize=1940 kw=POINT_COOKIE SHADOWS_CUBE SHADOWS_SOFT LUX_LIGHTING_BP ok=1
Cmd: compileSnippet
  api=0 type=0 insize=10315 outsize=671 kw=DIRECTIONAL SHADOWS_OFF LUX_LIGHTING_CT ok=1
Cmd: compileSnippet
  api=0 type=0 insize=10315 outsize=671 kw=SPOT SHADOWS_OFF LUX_LIGHTING_CT ok=1
Cmd: compileSnippet
  api=4 type=0 insize=10315 outsize=1940 kw=POINT_COOKIE SHADOWS_OFF LUX_LIGHTING_CT ok=1
Cmd: compileSnippet
  api=4 type=0 insize=10315 outsize=1940 kw=DIRECTIONAL_COOKIE SHADOWS_OFF LUX_LIGHTING_CT ok=1
Cmd: compileSnippet
  api=0 type=0 insize=10315 outsize=671 kw=SPOT SHADOWS_DEPTH SHADOWS_NATIVE LUX_LIGHTING_CT ok=1
Cmd: compileSnippet
  api=1 type=0 insize=10315 outsize=437 kw=DIRECTIONAL SHADOWS_SCREEN LUX_LIGHTING_CT ok=1
Cmd: compileSnippet
  api=0 type=0 insize=10315 outsize=671 kw=POINT SHADOWS_CUBE LUX_LIGHTING_CT ok=1
Cmd: compileSnippet
  api=1 type=0 insize=10315 outsize=437 kw=POINT_COOKIE SHADOWS_CUBE LUX_LIGHTING_CT ok=1
Cmd: compileSnippet
  api=4 type=0 insize=10315 outsize=1940 kw=SPOT SHADOWS_DEPTH SHADOWS_SOFT LUX_LIGHTING_CT ok=1
Cmd: compileSnippet
  api=4 type=0 insize=10315 outsize=1940 kw=SPOT SHADOWS_DEPTH SHADOWS_SOFT SHADOWS_NATIVE LUX_LIGHTING_CT ok=1
Cmd: compileSnippet
  api=4 type=0 insize=10315 outsize=1940 kw=POINT SHADOWS_CUBE SHADOWS_SOFT LUX_LIGHTING_CT ok=1
Cmd: compileSnippet
  api=0 type=1 insize=10315 outsize=1603 kw=DIRECTIONAL SHADOWS_OFF LUX_LIGHTING_BP ok=1
Cmd: compileSnippet
  api=1 type=1 insize=10315 outsize=1940 kw=SPOT SHADOWS_OFF LUX_LIGHTING_BP ok=1
Cmd: compileSnippet
  api=1 type=1 insize=10315 outsize=1825 kw=POINT_COOKIE SHADOWS_OFF LUX_LIGHTING_BP ok=1
Cmd: compileSnippet
  api=1 type=1 insize=10315 outsize=1688 kw=DIRECTIONAL_COOKIE SHADOWS_OFF LUX_LIGHTING_BP ok=1
Cmd: compileSnippet
  api=0 type=1 insize=10315 outsize=2396 kw=SPOT SHADOWS_DEPTH LUX_LIGHTING_BP ok=1
Cmd: compileSnippet
  api=4 type=1 insize=10315 outsize=6425 kw=SPOT SHADOWS_DEPTH LUX_LIGHTING_BP ok=1
Cmd: compileSnippet
  api=1 type=1 insize=10315 outsize=1799 kw=DIRECTIONAL_COOKIE SHADOWS_SCREEN LUX_LIGHTING_BP ok=1
Cmd: compileSnippet
  api=0 type=1 insize=10315 outsize=2066 kw=POINT SHADOWS_CUBE LUX_LIGHTING_BP ok=1
Cmd: compileSnippet
  api=0 type=1 insize=10315 outsize=2288 kw=POINT_COOKIE SHADOWS_CUBE LUX_LIGHTING_BP ok=1
Cmd: compileSnippet
  api=0 type=1 insize=10315 outsize=2648 kw=SPOT SHADOWS_DEPTH SHADOWS_SOFT LUX_LIGHTING_BP ok=1
Cmd: compileSnippet
  api=4 type=1 insize=10315 outsize=7132 kw=SPOT SHADOWS_DEPTH SHADOWS_SOFT LUX_LIGHTING_BP ok=1
Cmd: compileSnippet
  api=1 type=1 insize=10315 outsize=2367 kw=POINT_COOKIE SHADOWS_CUBE SHADOWS_SOFT LUX_LIGHTING_BP ok=1
Cmd: compileSnippet
  api=0 type=1 insize=10315 outsize=1874 kw=POINT SHADOWS_OFF LUX_LIGHTING_CT ok=1
Cmd: compileSnippet
  api=4 type=1 insize=10315 outsize=5255 kw=POINT SHADOWS_OFF LUX_LIGHTING_CT ok=1
Cmd: compileSnippet
  api=4 type=1 insize=10315 outsize=5946 kw=SPOT SHADOWS_OFF LUX_LIGHTING_CT ok=1
Cmd: compileSnippet
  api=4 type=1 insize=10315 outsize=5272 kw=DIRECTIONAL_COOKIE SHADOWS_OFF LUX_LIGHTING_CT ok=1
Cmd: compileSnippet
  api=4 type=1 insize=10315 outsize=6685 kw=SPOT SHADOWS_DEPTH SHADOWS_NATIVE LUX_LIGHTING_CT ok=1
Cmd: compileSnippet
  api=4 type=1 insize=10315 outsize=5605 kw=DIRECTIONAL_COOKIE SHADOWS_SCREEN LUX_LIGHTING_CT ok=1
Cmd: compileSnippet
  api=4 type=1 insize=10315 outsize=6336 kw=POINT_COOKIE SHADOWS_CUBE LUX_LIGHTING_CT ok=1
Cmd: compileSnippet
  api=4 type=1 insize=10315 outsize=7295 kw=SPOT SHADOWS_DEPTH SHADOWS_SOFT SHADOWS_NATIVE LUX_LIGHTING_CT ok=1
Cmd: compileSnippet
  api=0 type=0 insize=878 outsize=682 kw= ok=1
Cmd: compileSnippet
  api=1 type=0 insize=627 outsize=224 kw= ok=1
Cmd: compileSnippet
  api=1 type=1 insize=627 outsize=297 kw= ok=1
Cmd: compileSnippet
  api=1 type=0 insize=628 outsize=224 kw= ok=1
Cmd: compileSnippet
  api=8 type=1 insize=628 outsize=1487 kw= ok=1
Cmd: compileSnippet
  api=8 type=0 insize=880 outsize=2779 kw= ok=1
Cmd: compileSnippet
  api=1 type=0 insize=792 outsize=1150 kw= ok=1
Cmd: compileSnippet
  api=1 type=0 insize=908 outsize=1452 kw= ok=1
Cmd: compileSnippet
  api=1 type=1 insize=908 outsize=429 kw= ok=1
Cmd: compileSnippet
  api=1 type=1 insize=788 outsize=297 kw= ok=1
Cmd: compileSnippet
  api=1 type=0 insize=985 outsize=563 kw= ok=1
Cmd: compileSnippet
  api=1 type=0 insize=992 outsize=556 kw= ok=1
Cmd: compileSnippet
  api=8 type=1 insize=992 outsize=2040 kw= ok=1
Cmd: compileSnippet
  api=1 type=1 insize=885 outsize=463 kw= ok=1
Cmd: compileSnippet
  api=8 type=0 insize=959 outsize=7435 kw= ok=1
Cmd: compileSnippet
  api=1 type=0 insize=911 outsize=1423 kw= ok=1
Cmd: compileSnippet
  api=8 type=1 insize=911 outsize=2170 kw= ok=1
Cmd: compileSnippet
  api=8 type=0 insize=887 outsize=1625 kw= ok=1
Cmd: compileSnippet
  api=0 type=0 insize=636 outsize=281 kw= ok=1
Cmd: compileSnippet
  api=1 type=0 insize=637 outsize=125 kw= ok=1
Cmd: compileSnippet
  api=1 type=0 insize=889 outsize=170 kw= ok=1
Cmd: compileSnippet
  api=1 type=0 insize=746 outsize=978 kw= ok=1
Cmd: compileSnippet
  api=8 type=1 insize=746 outsize=658 kw= ok=1
Cmd: compileSnippet
  api=0 type=0 insize=906 outsize=1610 kw= ok=1
Cmd: compileSnippet
  api=8 type=1 insize=906 outsize=1252 kw= ok=1
Cmd: compileSnippet
  api=1 type=0 insize=771 outsize=427 kw= ok=1
Cmd: compileSnippet
  api=8 type=0 insize=968 outsize=2795 kw= ok=1
Cmd: compileSnippet
  api=1 type=1 insize=902 outsize=244 kw= ok=1
Cmd: compileSnippet
  api=1 type=0 insize=970 outsize=1500 kw= ok=1
Cmd: compileSnippet
  api=8 type=1 insize=970 outsize=1382 kw= ok=1
Cmd: compileSnippet
  api=0 type=0 insize=919 outsize=1520 kw= ok=1
Unhandled exception: Readfile from pipe failed. GLE=The pipe has been ended.


Quitting shader compiler process
